
<!DOCTYPE html>
<html>


<head>
	<meta charset='UTF-8' /> 
	<meta name='description' content='' />
	<meta name='robots' content='noodp, noydir' />
	<meta name='viewport' content='width=device-width, initial-scale=1' />
	<meta id="timeStampFormat" name="timeStampFormat" content='MMM d, yyyy hh:mm:ss a'/>
	
	<link href='https://fonts.googleapis.com/css?family=Source+Sans+Pro:400,600' rel='stylesheet' type='text/css'>
	<link href="https://fonts.googleapis.com/icon?family=Material+Icons" rel="stylesheet">

		<link href='https://cdn.rawgit.com/anshooarora/extentreports-java/b4a58fcfd1e137bd9287244035a7c80d3d73b3af/dist/css/extent.css' type='text/css' rel='stylesheet' />
	
	<title>NopCommerce - Cucumber Framework</title>

	<style type='text/css'>
			
            

      
        
	</style>
</head>

	<body class='extent dark default hide-overflow bdd-report'>
		<div id='theme-selector' alt='Click to toggle theme. To enable by default, use theme configuration.' title='Click to toggle theme. To enable by default, use theme configuration.'>
			<span><i class='material-icons'>desktop_windows</i></span>
		</div>

<nav>
	<div class="nav-wrapper">
		<a href="#!" class="brand-logo blue darken-3">Extent</a>

		<!-- slideout menu -->
		<ul id='slide-out' class='side-nav fixed hide-on-med-and-down'>
			<li class='waves-effect active'><a href='#!' view='test-view' onclick="configureView(0);chartsView('test');"><i class='material-icons'>dashboard</i></a></li>
						<li class='waves-effect'><a href='#!' view='category-view' onclick="configureView(1)"><i class='material-icons'>label_outline</i></a></li>
			<li class='waves-effect'><a href='#!' view='exception-view' onclick="configureView(2)"><i class='material-icons'>bug_report</i></a></li>
			<li class='waves-effect'><a href='#!' onclick="configureView(-1);chartsView('dashboard');" view='dashboard-view'><i class='material-icons'>track_changes</i></i></a></li>
		</ul>

		<!-- report name -->
		<span class='report-name'>Cucumber Report</span>
		
		<!-- report headline -->
		<span class='report-headline'></span>

		<!-- nav-right -->
		<ul id='nav-mobile' class='right hide-on-med-and-down nav-right'>
			<li>
                <a href='#!'>
                    <span class='label suite-start-time blue darken-3'>Feb 14, 2023 01:18:14 AM</span>
				</a>
			</li>
			<li>
                <a href='#!'>
                    <span class='label blue darken-3'>3.1.2</span>
				</a>
			</li>
		</ul>
	</div>
</nav>

		<!-- container -->
		<div class='container'>

<div id='test-view' class='view'>
				
	<section id='controls'>
		<div class='controls grey lighten-4'>
			<!-- test toggle -->
			<div class='chip transparent'>
				<a class='dropdown-button tests-toggle' data-activates='tests-toggle' data-constrainwidth='true' data-beloworigin='true' data-hover='true' href='#'>
					<i class='material-icons'>warning</i> Status
				</a>
				<ul id='tests-toggle' class='dropdown-content'>
											<li status='pass'><a href='#!'>Pass <i class='material-icons green-text'>check_circle</i></a></li>
						<li status='fail'><a href='#!'>Fail <i class='material-icons red-text'>cancel</i></a></li>
					<li class='divider'></li>
					<li status='clear' clear='true'><a href='#!'>Clear Filters <i class='material-icons'>clear</i></a></li>
				</ul>
			</div>
			<!-- test toggle -->

			<!-- category toggle -->
			<div class='chip transparent'>
				<a class='dropdown-button category-toggle' data-activates='category-toggle' data-constrainwidth='false' data-beloworigin='true' data-hover='true' href='#'>
					<i class='material-icons'>local_offer</i> Category
				</a>
				<ul id='category-toggle' class='dropdown-content'>
					<li><a href='#'>@Register</a></li>
					<li class='divider'></li>
					<li class='clear'><a href='#!' clear='true'>Clear Filters</a></li>
				</ul>
			</div>
			<!-- category toggle -->

			<!-- clear filters -->
			<div class='chip transparent hide'>
				<a class='' id='clear-filters' alt='Clear Filters' title='Clear Filters'>
					<i class='material-icons'>close</i> Clear
				</a>
			</div>
			<!-- clear filters -->

			<!-- enable dashboard -->
			<div id='toggle-test-view-charts' class='chip transparent'>
				<a class='pink-text' id='enable-dashboard' alt='Enable Dashboard' title='Enable Dashboard'>
					<i class='material-icons'>track_changes</i> Dashboard
				</a>
			</div>
			<!-- enable dashboard -->

			<!-- search -->
			<div class='chip transparent' alt='Search Tests' title='Search Tests'>
				<a href="#" class='search-div'>
					<i class='material-icons'>search</i> Search
				</a>

				<div class='input-field left hide'>
					<input id='search-tests' type='text' class='validate browser-default' placeholder='Search Tests...'>
				</div>
				
			</div>
			<!-- search -->
		</div>
	</section>


<div id='test-view-charts' class='subview-full'>
	<div id='charts-row' class='row nm-v nm-h'>
		<div class='col s12 m4 l4 np-h'>
			<div class='card-panel nm-v'>
				<div class='left panel-name'>Features</div>
				<div class='chart-box'>
					<canvas id='parent-analysis' width='100' height='80'></canvas>
				</div>
				<div class='block text-small'>
					<span class='tooltipped' data-position='top' data-tooltip='33.333%'><span class='strong'>1</span> feature(s) passed</span>
				</div>
				<div class='block text-small'>
					<span class='strong tooltipped' data-position='top' data-tooltip='66.667%'>2</span> feature(s) failed, <span class='strong tooltipped' data-position='top' data-tooltip='0%'>0</span> others
				</div>
			</div>
		</div>
		
		<div class='col s12 m4 l4 np-h'>
			<div class='card-panel nm-v'>
				<div class='left panel-name'>Scenarios</div>
				<div class='chart-box'>
					<canvas id='child-analysis' width='100' height='80'></canvas>
				</div>
				<div class='block text-small'>
					<span class='tooltipped' data-position='top' data-tooltip='50%'><span class='strong'>8</span> scenario(s) passed</span>
				</div>
				<div class='block text-small'>
					<span class='strong tooltipped' data-position='top' data-tooltip='50%'>8</span> scenario(s) failed, <span class='strong tooltipped' data-position='top' data-tooltip='0%'>0</span> others
				</div>
			</div>
		</div>
		
		<div class='col s12 m4 l4 np-h'>
			<div class='card-panel nm-v'>
				<div class='left panel-name'>Steps</div>
				<div class='chart-box'>
					<canvas id='grandchild-analysis' width='100' height='80'></canvas>
				</div>
				<div class='block text-small'>
					<span class='tooltipped' data-position='top' data-tooltip='93.548%'><span class='strong'>116</span> step(s) passed</span>
				</div>
				<div class='block text-small'>
					<span class='strong tooltipped' data-position='top' data-tooltip='6.452%'>8</span> step(s) failed, <span class='strong tooltipped' data-position='top' data-tooltip='0%'>0</span> others
				</div>
			</div>
		</div>
	</div>
</div>

	<div class='subview-left left'>
		
		<div class='view-summary'>
			<h5>Features</h5>
			<ul id='test-collection' class='test-collection'>
				
				
				<li class='test displayed active has-leaf pass' status='pass' bdd='true' test-id='1'>
					<div class='test-heading'>
						<span class='test-name'>Computer Page Test</span>
						<span class='test-time'>Feb 14, 2023 01:18:14 AM</span>
						<span class='test-status right pass'>pass</span>
					</div>
					<div class='test-content hide'>
<div class='scenario node' test-id='2' status='pass'>
	<span class='duration right label'>0h 0m 6s+366ms</span>
	<div class='desc'>
		<b>Scenario</b>
		<span class="desc-text">Verify User Should Navigate To Computer Page Successfully()</span>
	</div>
	<ul class='steps'>
		<li test-id='3' class='node given pass' status='pass'>
			
			<b>Given</b>
			
			<span class="bdd-step-name">Given User on homepage</span>
				<div class='pre'>passed</div>
			
		</li>
		<li test-id='4' class='node when pass' status='pass'>
			
			<b>When</b>
			
			<span class="bdd-step-name">When User click on Computer Link</span>
				<div class='pre'>passed</div>
			
		</li>
		<li test-id='5' class='node then pass' status='pass'>
			
			<b>Then</b>
			
			<span class="bdd-step-name">Then User should navigate to Computer Page successfully</span>
				<div class='pre'>passed</div>
			
		</li>
	</ul>
</div>
<div class='scenario node' test-id='6' status='pass'>
	<span class='duration right label'>0h 0m 24s+546ms</span>
	<div class='desc'>
		<b>Scenario</b>
		<span class="desc-text">verify User Should Navigate To Desktops Page Successfully</span>
	</div>
	<ul class='steps'>
		<li test-id='7' class='node given pass' status='pass'>
			
			<b>Given</b>
			
			<span class="bdd-step-name">Given User on homepage</span>
				<div class='pre'>passed</div>
			
		</li>
		<li test-id='8' class='node when pass' status='pass'>
			
			<b>When</b>
			
			<span class="bdd-step-name">When User click on Computer Link</span>
				<div class='pre'>passed</div>
			
		</li>
		<li test-id='9' class='node and pass' status='pass'>
			
			<b>And</b>
			
			<span class="bdd-step-name">And User click on Desktops link</span>
				<div class='pre'>passed</div>
			
		</li>
		<li test-id='10' class='node then pass' status='pass'>
			
			<b>Then</b>
			
			<span class="bdd-step-name">Then User verify Desktops text</span>
				<div class='pre'>passed</div>
			
		</li>
	</ul>
</div>
<div class='scenariooutline node' test-id='11' status='pass'>
	<span class='duration right label'>0h 2m 20s+771ms</span>
	<div class='desc'>
		<b>ScenarioOutline</b>
		<span class="desc-text">verify That User Should Build Own Computer And Add Them To Cart Successfully</span>
	</div>
	<ul class='steps'>
		<li test-id='12' class='node scenario pass' status='pass'>
			
			<b>Scenario</b>
			
			<span class="bdd-step-name">verify That User Should Build Own Computer And Add Them To Cart Successfully</span>
			
				<ul class='steps'>
					<li test-id='13' class='node given pass' status='pass'><b>Given</b>
						<span class="bdd-step-name">Given User on homepage</span>
							<div class='pre'>passed</div>
					</li>
					<li test-id='14' class='node when pass' status='pass'><b>When</b>
						<span class="bdd-step-name">When User click on Computer Link</span>
							<div class='pre'>passed</div>
					</li>
					<li test-id='15' class='node and pass' status='pass'><b>And</b>
						<span class="bdd-step-name">And User click on Desktops link</span>
							<div class='pre'>passed</div>
					</li>
					<li test-id='16' class='node and pass' status='pass'><b>And</b>
						<span class="bdd-step-name">And User click on Build your own computer</span>
							<div class='pre'>passed</div>
					</li>
					<li test-id='17' class='node and pass' status='pass'><b>And</b>
						<span class="bdd-step-name">And User select processor "2.2 GHz Intel Pentium Dual-Core E2200"</span>
							<div class='pre'>passed</div>
					</li>
					<li test-id='18' class='node and pass' status='pass'><b>And</b>
						<span class="bdd-step-name">And User select ram "2 GB"</span>
							<div class='pre'>passed</div>
					</li>
					<li test-id='19' class='node and pass' status='pass'><b>And</b>
						<span class="bdd-step-name">And User select hdd"320 GB"</span>
							<div class='pre'>passed</div>
					</li>
					<li test-id='20' class='node and pass' status='pass'><b>And</b>
						<span class="bdd-step-name">And User select Os  "Vista Home [+$50.00]"</span>
							<div class='pre'>passed</div>
					</li>
					<li test-id='21' class='node and pass' status='pass'><b>And</b>
						<span class="bdd-step-name">And User select software "Microsoft Office [+$50.00]"</span>
							<div class='pre'>passed</div>
					</li>
					<li test-id='22' class='node and pass' status='pass'><b>And</b>
						<span class="bdd-step-name">And User click on ADD TO CART Button</span>
							<div class='pre'>passed</div>
					</li>
					<li test-id='23' class='node then pass' status='pass'><b>Then</b>
						<span class="bdd-step-name">Then User verify The product has been aadded to your shopping cart</span>
							<div class='pre'>passed</div>
					</li>
				</ul>
		</li>
		<li test-id='24' class='node scenario pass' status='pass'>
			
			<b>Scenario</b>
			
			<span class="bdd-step-name">verify That User Should Build Own Computer And Add Them To Cart Successfully</span>
			
				<ul class='steps'>
					<li test-id='25' class='node given pass' status='pass'><b>Given</b>
						<span class="bdd-step-name">Given User on homepage</span>
							<div class='pre'>passed</div>
					</li>
					<li test-id='26' class='node when pass' status='pass'><b>When</b>
						<span class="bdd-step-name">When User click on Computer Link</span>
							<div class='pre'>passed</div>
					</li>
					<li test-id='27' class='node and pass' status='pass'><b>And</b>
						<span class="bdd-step-name">And User click on Desktops link</span>
							<div class='pre'>passed</div>
					</li>
					<li test-id='28' class='node and pass' status='pass'><b>And</b>
						<span class="bdd-step-name">And User click on Build your own computer</span>
							<div class='pre'>passed</div>
					</li>
					<li test-id='29' class='node and pass' status='pass'><b>And</b>
						<span class="bdd-step-name">And User select processor "2.5 GHz Intel Pentium Dual-Core E2200 [+$15.00]"</span>
							<div class='pre'>passed</div>
					</li>
					<li test-id='30' class='node and pass' status='pass'><b>And</b>
						<span class="bdd-step-name">And User select ram "4GB [+$20.00]"</span>
							<div class='pre'>passed</div>
					</li>
					<li test-id='31' class='node and pass' status='pass'><b>And</b>
						<span class="bdd-step-name">And User select hdd"400 GB [+$100.00]"</span>
							<div class='pre'>passed</div>
					</li>
					<li test-id='32' class='node and pass' status='pass'><b>And</b>
						<span class="bdd-step-name">And User select Os  "Vista Premium [+$60.00]"</span>
							<div class='pre'>passed</div>
					</li>
					<li test-id='33' class='node and pass' status='pass'><b>And</b>
						<span class="bdd-step-name">And User select software "Acrobat Reader [+$10.00]"</span>
							<div class='pre'>passed</div>
					</li>
					<li test-id='34' class='node and pass' status='pass'><b>And</b>
						<span class="bdd-step-name">And User click on ADD TO CART Button</span>
							<div class='pre'>passed</div>
					</li>
					<li test-id='35' class='node then pass' status='pass'><b>Then</b>
						<span class="bdd-step-name">Then User verify The product has been aadded to your shopping cart</span>
							<div class='pre'>passed</div>
					</li>
				</ul>
		</li>
		<li test-id='36' class='node scenario pass' status='pass'>
			
			<b>Scenario</b>
			
			<span class="bdd-step-name">verify That User Should Build Own Computer And Add Them To Cart Successfully</span>
			
				<ul class='steps'>
					<li test-id='37' class='node given pass' status='pass'><b>Given</b>
						<span class="bdd-step-name">Given User on homepage</span>
							<div class='pre'>passed</div>
					</li>
					<li test-id='38' class='node when pass' status='pass'><b>When</b>
						<span class="bdd-step-name">When User click on Computer Link</span>
							<div class='pre'>passed</div>
					</li>
					<li test-id='39' class='node and pass' status='pass'><b>And</b>
						<span class="bdd-step-name">And User click on Desktops link</span>
							<div class='pre'>passed</div>
					</li>
					<li test-id='40' class='node and pass' status='pass'><b>And</b>
						<span class="bdd-step-name">And User click on Build your own computer</span>
							<div class='pre'>passed</div>
					</li>
					<li test-id='41' class='node and pass' status='pass'><b>And</b>
						<span class="bdd-step-name">And User select processor "2.5 GHz Intel Pentium Dual-Core E2200 [+$15.00]"</span>
							<div class='pre'>passed</div>
					</li>
					<li test-id='42' class='node and pass' status='pass'><b>And</b>
						<span class="bdd-step-name">And User select ram "8GB [+$60.00]"</span>
							<div class='pre'>passed</div>
					</li>
					<li test-id='43' class='node and pass' status='pass'><b>And</b>
						<span class="bdd-step-name">And User select hdd"320 GB"</span>
							<div class='pre'>passed</div>
					</li>
					<li test-id='44' class='node and pass' status='pass'><b>And</b>
						<span class="bdd-step-name">And User select Os  "VistaHome [+$50.00]"</span>
							<div class='pre'>passed</div>
					</li>
					<li test-id='45' class='node and pass' status='pass'><b>And</b>
						<span class="bdd-step-name">And User select software "Total Commander [+$5.00]"</span>
							<div class='pre'>passed</div>
					</li>
					<li test-id='46' class='node and pass' status='pass'><b>And</b>
						<span class="bdd-step-name">And User click on ADD TO CART Button</span>
							<div class='pre'>passed</div>
					</li>
					<li test-id='47' class='node then pass' status='pass'><b>Then</b>
						<span class="bdd-step-name">Then User verify The product has been aadded to your shopping cart</span>
							<div class='pre'>passed</div>
					</li>
				</ul>
		</li>
	</ul>
</div>
					</div>
				</li>
				
				
				<li class='test displayed active has-leaf fail' status='fail' bdd='true' test-id='48'>
					<div class='test-heading'>
						<span class='test-name'>Login Test</span>
						<span class='test-time'>Feb 14, 2023 01:21:06 AM</span>
						<span class='test-status right fail'>fail</span>
					</div>
					<div class='test-content hide'>
<div class='scenario node' test-id='49' status='pass'>
	<span class='duration right label'>0h 0m 4s+113ms</span>
	<div class='desc'>
		<b>Scenario</b>
		<span class="desc-text">User should navigate to login page successfully</span>
	</div>
	<ul class='steps'>
		<li test-id='50' class='node given pass' status='pass'>
			
			<b>Given</b>
			
			<span class="bdd-step-name">Given User on homepage</span>
				<div class='pre'>passed</div>
			
		</li>
		<li test-id='51' class='node when pass' status='pass'>
			
			<b>When</b>
			
			<span class="bdd-step-name">When User  click on login link</span>
				<div class='pre'>passed</div>
			
		</li>
		<li test-id='52' class='node then pass' status='pass'>
			
			<b>Then</b>
			
			<span class="bdd-step-name">Then User should navigate to login page successfully</span>
				<div class='pre'>passed</div>
			
		</li>
		<li test-id='53' class='node and pass' status='pass'>
			
			<b>And</b>
			
			<span class="bdd-step-name">And User verify The Welcome, Please Sign In! message display</span>
				<div class='pre'>passed</div>
			
		</li>
	</ul>
</div>
<div class='scenario node' test-id='54' status='pass'>
	<span class='duration right label'>0h 0m 4s+316ms</span>
	<div class='desc'>
		<b>Scenario</b>
		<span class="desc-text">Verify that User should login successfully with valid credentials</span>
	</div>
	<ul class='steps'>
		<li test-id='55' class='node given pass' status='pass'>
			
			<b>Given</b>
			
			<span class="bdd-step-name">Given User on homepage</span>
				<div class='pre'>passed</div>
			
		</li>
		<li test-id='56' class='node when pass' status='pass'>
			
			<b>When</b>
			
			<span class="bdd-step-name">When User  click on login link</span>
				<div class='pre'>passed</div>
			
		</li>
		<li test-id='57' class='node and pass' status='pass'>
			
			<b>And</b>
			
			<span class="bdd-step-name">And User enter email "radhikap@gmail.com"</span>
				<div class='pre'>passed</div>
			
		</li>
		<li test-id='58' class='node and pass' status='pass'>
			
			<b>And</b>
			
			<span class="bdd-step-name">And User enter password "Krisha86@"</span>
				<div class='pre'>passed</div>
			
		</li>
		<li test-id='59' class='node and pass' status='pass'>
			
			<b>And</b>
			
			<span class="bdd-step-name">And User  click on login button</span>
				<div class='pre'>passed</div>
			
		</li>
		<li test-id='60' class='node then pass' status='pass'>
			
			<b>Then</b>
			
			<span class="bdd-step-name">Then User verify the Log out link display</span>
				<div class='pre'>passed</div>
			
		</li>
	</ul>
</div>
<div class='scenario node' test-id='61' status='fail'>
	<span class='duration right label'>0h 0m 4s+924ms</span>
	<div class='desc'>
		<b>Scenario</b>
		<span class="desc-text">Verify the error message with Invalid Credentials</span>
	</div>
	<ul class='steps'>
		<li test-id='62' class='node given pass' status='pass'>
			
			<b>Given</b>
			
			<span class="bdd-step-name">Given User on homepage</span>
				<div class='pre'>passed</div>
			
		</li>
		<li test-id='63' class='node when pass' status='pass'>
			
			<b>When</b>
			
			<span class="bdd-step-name">When User  click on login link</span>
				<div class='pre'>passed</div>
			
		</li>
		<li test-id='64' class='node and pass' status='pass'>
			
			<b>And</b>
			
			<span class="bdd-step-name">And User enter email "sonapate21@gmail.com"</span>
				<div class='pre'>passed</div>
			
		</li>
		<li test-id='65' class='node and pass' status='pass'>
			
			<b>And</b>
			
			<span class="bdd-step-name">And User enter password "rdhtn"</span>
				<div class='pre'>passed</div>
			
		</li>
		<li test-id='66' class='node and pass' status='pass'>
			
			<b>And</b>
			
			<span class="bdd-step-name">And User  click on login button</span>
				<div class='pre'>passed</div>
			
		</li>
		<li test-id='67' class='node then fail' status='fail'>
			
			<b>Then</b>
			
			<span class="bdd-step-name">Then User should verify the error message display</span>
			<ul class='screenshots right'>
				<li><a data-featherlight="image" href="C:\Homework\nopcommerceweek14/src/main/java/com/nopcommerce/screenshots/Verify_the_error_message_with_Invalid_Credentials20230214012119.png"><i class='material-icons'>panorama</i></a></li>
			</ul>
				<div class='pre'><pre>cucumber.runtime.CucumberException: Arity mismatch: Step Definition 'com.nopcommerce.demo.steps.LoginSteps.userShouldVerifyTheErrorMessageDisplay(String) in file:/C:/Homework/nopcommerceweek14/target/test-classes/' with pattern [^User should verify the error message display$] is declared with 1 parameters. However, the gherkin step has 0 arguments []. 
Step: Then User should verify the error message display
	at cucumber.runtime.StepDefinitionMatch.arityMismatch(StepDefinitionMatch.java:102)
	at cucumber.runtime.StepDefinitionMatch.transformedArgs(StepDefinitionMatch.java:60)
	at cucumber.runtime.StepDefinitionMatch.runStep(StepDefinitionMatch.java:37)
	at cucumber.runtime.Runtime.runStep(Runtime.java:300)
	at cucumber.runtime.model.StepContainer.runStep(StepContainer.java:44)
	at cucumber.runtime.model.StepContainer.runSteps(StepContainer.java:39)
	at cucumber.runtime.model.CucumberScenario.run(CucumberScenario.java:44)
	at cucumber.runtime.junit.ExecutionUnitRunner.run(ExecutionUnitRunner.java:102)
	at cucumber.runtime.junit.FeatureRunner.runChild(FeatureRunner.java:63)
	at cucumber.runtime.junit.FeatureRunner.runChild(FeatureRunner.java:18)
	at org.junit.runners.ParentRunner$3.run(ParentRunner.java:238)
	at org.junit.runners.ParentRunner$1.schedule(ParentRunner.java:63)
	at org.junit.runners.ParentRunner.runChildren(ParentRunner.java:236)
	at org.junit.runners.ParentRunner.access$000(ParentRunner.java:53)
	at org.junit.runners.ParentRunner$2.evaluate(ParentRunner.java:229)
	at org.junit.runners.ParentRunner.run(ParentRunner.java:309)
	at cucumber.runtime.junit.FeatureRunner.run(FeatureRunner.java:70)
	at cucumber.api.junit.Cucumber.runChild(Cucumber.java:95)
	at cucumber.api.junit.Cucumber.runChild(Cucumber.java:38)
	at org.junit.runners.ParentRunner$3.run(ParentRunner.java:238)
	at org.junit.runners.ParentRunner$1.schedule(ParentRunner.java:63)
	at org.junit.runners.ParentRunner.runChildren(ParentRunner.java:236)
	at org.junit.runners.ParentRunner.access$000(ParentRunner.java:53)
	at org.junit.runners.ParentRunner$2.evaluate(ParentRunner.java:229)
	at org.junit.internal.runners.statements.RunAfters.evaluate(RunAfters.java:27)
	at org.junit.runners.ParentRunner.run(ParentRunner.java:309)
	at cucumber.api.junit.Cucumber.run(Cucumber.java:100)
	at org.junit.runner.JUnitCore.run(JUnitCore.java:160)
	at com.intellij.junit4.JUnit4IdeaTestRunner.startRunnerWithArgs(JUnit4IdeaTestRunner.java:69)
	at com.intellij.rt.junit.IdeaTestRunner$Repeater$1.execute(IdeaTestRunner.java:38)
	at com.intellij.rt.execution.junit.TestsRepeater.repeat(TestsRepeater.java:11)
	at com.intellij.rt.junit.IdeaTestRunner$Repeater.startRunnerWithArgs(IdeaTestRunner.java:35)
	at com.intellij.rt.junit.JUnitStarter.prepareStreamsAndStart(JUnitStarter.java:235)
	at com.intellij.rt.junit.JUnitStarter.main(JUnitStarter.java:54)
</pre></div>
			
		</li>
	</ul>
</div>
<div class='scenario node' test-id='68' status='fail'>
	<span class='duration right label'>0h 0m 6s+34ms</span>
	<div class='desc'>
		<b>Scenario</b>
		<span class="desc-text">Verify that user should logout Successfully</span>
	</div>
	<ul class='steps'>
		<li test-id='69' class='node given pass' status='pass'>
			
			<b>Given</b>
			
			<span class="bdd-step-name">Given User on homepage</span>
				<div class='pre'>passed</div>
			
		</li>
		<li test-id='70' class='node when pass' status='pass'>
			
			<b>When</b>
			
			<span class="bdd-step-name">When User  click on login link</span>
				<div class='pre'>passed</div>
			
		</li>
		<li test-id='71' class='node and pass' status='pass'>
			
			<b>And</b>
			
			<span class="bdd-step-name">And User enter email "radhikap@gmail.com"</span>
				<div class='pre'>passed</div>
			
		</li>
		<li test-id='72' class='node and pass' status='pass'>
			
			<b>And</b>
			
			<span class="bdd-step-name">And User enter password "Krisha86@"</span>
				<div class='pre'>passed</div>
			
		</li>
		<li test-id='73' class='node and pass' status='pass'>
			
			<b>And</b>
			
			<span class="bdd-step-name">And User  click on login button</span>
				<div class='pre'>passed</div>
			
		</li>
		<li test-id='74' class='node and pass' status='pass'>
			
			<b>And</b>
			
			<span class="bdd-step-name">And User click on Log Out Link</span>
				<div class='pre'>passed</div>
			
		</li>
		<li test-id='75' class='node then fail' status='fail'>
			
			<b>Then</b>
			
			<span class="bdd-step-name">Then User should verify  login link display</span>
			<ul class='screenshots right'>
				<li><a data-featherlight="image" href="C:\Homework\nopcommerceweek14/src/main/java/com/nopcommerce/screenshots/Verify_that_user_should_logout_Successfully20230214012126.png"><i class='material-icons'>panorama</i></a></li>
			</ul>
				<div class='pre'><pre>cucumber.runtime.CucumberException: Arity mismatch: Step Definition 'com.nopcommerce.demo.steps.LoginSteps.userShouldVerifyLoginLinkDisplay(String) in file:/C:/Homework/nopcommerceweek14/target/test-classes/' with pattern [^User should verify  login link display$] is declared with 1 parameters. However, the gherkin step has 0 arguments []. 
Step: Then User should verify  login link display
	at cucumber.runtime.StepDefinitionMatch.arityMismatch(StepDefinitionMatch.java:102)
	at cucumber.runtime.StepDefinitionMatch.transformedArgs(StepDefinitionMatch.java:60)
	at cucumber.runtime.StepDefinitionMatch.runStep(StepDefinitionMatch.java:37)
	at cucumber.runtime.Runtime.runStep(Runtime.java:300)
	at cucumber.runtime.model.StepContainer.runStep(StepContainer.java:44)
	at cucumber.runtime.model.StepContainer.runSteps(StepContainer.java:39)
	at cucumber.runtime.model.CucumberScenario.run(CucumberScenario.java:44)
	at cucumber.runtime.junit.ExecutionUnitRunner.run(ExecutionUnitRunner.java:102)
	at cucumber.runtime.junit.FeatureRunner.runChild(FeatureRunner.java:63)
	at cucumber.runtime.junit.FeatureRunner.runChild(FeatureRunner.java:18)
	at org.junit.runners.ParentRunner$3.run(ParentRunner.java:238)
	at org.junit.runners.ParentRunner$1.schedule(ParentRunner.java:63)
	at org.junit.runners.ParentRunner.runChildren(ParentRunner.java:236)
	at org.junit.runners.ParentRunner.access$000(ParentRunner.java:53)
	at org.junit.runners.ParentRunner$2.evaluate(ParentRunner.java:229)
	at org.junit.runners.ParentRunner.run(ParentRunner.java:309)
	at cucumber.runtime.junit.FeatureRunner.run(FeatureRunner.java:70)
	at cucumber.api.junit.Cucumber.runChild(Cucumber.java:95)
	at cucumber.api.junit.Cucumber.runChild(Cucumber.java:38)
	at org.junit.runners.ParentRunner$3.run(ParentRunner.java:238)
	at org.junit.runners.ParentRunner$1.schedule(ParentRunner.java:63)
	at org.junit.runners.ParentRunner.runChildren(ParentRunner.java:236)
	at org.junit.runners.ParentRunner.access$000(ParentRunner.java:53)
	at org.junit.runners.ParentRunner$2.evaluate(ParentRunner.java:229)
	at org.junit.internal.runners.statements.RunAfters.evaluate(RunAfters.java:27)
	at org.junit.runners.ParentRunner.run(ParentRunner.java:309)
	at cucumber.api.junit.Cucumber.run(Cucumber.java:100)
	at org.junit.runner.JUnitCore.run(JUnitCore.java:160)
	at com.intellij.junit4.JUnit4IdeaTestRunner.startRunnerWithArgs(JUnit4IdeaTestRunner.java:69)
	at com.intellij.rt.junit.IdeaTestRunner$Repeater$1.execute(IdeaTestRunner.java:38)
	at com.intellij.rt.execution.junit.TestsRepeater.repeat(TestsRepeater.java:11)
	at com.intellij.rt.junit.IdeaTestRunner$Repeater.startRunnerWithArgs(IdeaTestRunner.java:35)
	at com.intellij.rt.junit.JUnitStarter.prepareStreamsAndStart(JUnitStarter.java:235)
	at com.intellij.rt.junit.JUnitStarter.main(JUnitStarter.java:54)
</pre></div>
			
		</li>
	</ul>
</div>
					</div>
				</li>
				
				
				<li class='test displayed active has-leaf fail' status='fail' bdd='true' test-id='76'>
					<div class='test-heading'>
						<span class='test-name'>Register</span>
						<span class='test-time'>Feb 14, 2023 01:21:28 AM</span>
						<span class='test-status right fail'>fail</span>
					</div>
					<div class='test-content hide'>
<div class='scenario node' test-id='77' status='pass'>
	<div class='category-list'>
		<span class='category label white-text'>@Register</span>
	</div>
	<span class='duration right label'>0h 0m 5s+549ms</span>
	<div class='desc'>
		<b>Scenario</b>
		<span class="desc-text">Verify user Should Navigate to Register Page Successfully</span>
	</div>
	<ul class='steps'>
		<li test-id='78' class='node given pass' status='pass'>
			
			<b>Given</b>
			
			<span class="bdd-step-name">Given User on homepage</span>
				<div class='pre'>passed</div>
			
		</li>
		<li test-id='79' class='node when pass' status='pass'>
			
			<b>When</b>
			
			<span class="bdd-step-name">When User Click on Register link</span>
				<div class='pre'>passed</div>
			
		</li>
		<li test-id='80' class='node and pass' status='pass'>
			
			<b>And</b>
			
			<span class="bdd-step-name">And User verify Register text</span>
				<div class='pre'>passed</div>
			
		</li>
	</ul>
</div>
<div class='scenariooutline node' test-id='81' status='fail'>
	<span class='duration right label'>0h 0m 38s+156ms</span>
	<div class='desc'>
		<b>ScenarioOutline</b>
		<span class="desc-text">verify That First Name Last Name Email Password And Confirm Password Fields Are Mandatory</span>
	</div>
	<ul class='steps'>
		<li test-id='82' class='node scenario fail' status='fail'>
			
			<b>Scenario</b>
			
			<span class="bdd-step-name">verify That First Name Last Name Email Password And Confirm Password Fields Are Mandatory</span>
			
				<ul class='steps'>
					<li test-id='83' class='node given pass' status='pass'><b>Given</b>
						<span class="bdd-step-name">Given User on homepage</span>
							<div class='pre'>passed</div>
					</li>
					<li test-id='84' class='node when pass' status='pass'><b>When</b>
						<span class="bdd-step-name">When User Click on Register link</span>
							<div class='pre'>passed</div>
					</li>
					<li test-id='85' class='node and pass' status='pass'><b>And</b>
						<span class="bdd-step-name">And User enter first name ""</span>
							<div class='pre'>passed</div>
					</li>
					<li test-id='86' class='node and pass' status='pass'><b>And</b>
						<span class="bdd-step-name">And User enter last name "dhanani"</span>
							<div class='pre'>passed</div>
					</li>
					<li test-id='87' class='node and pass' status='pass'><b>And</b>
						<span class="bdd-step-name">And User enter email "catdhanani@gmail.com"</span>
							<div class='pre'>passed</div>
					</li>
					<li test-id='88' class='node and pass' status='pass'><b>And</b>
						<span class="bdd-step-name">And User enter password "123456"</span>
							<div class='pre'>passed</div>
					</li>
					<li test-id='89' class='node and pass' status='pass'><b>And</b>
						<span class="bdd-step-name">And User enter Confirm password "123456"</span>
							<div class='pre'>passed</div>
					</li>
					<li test-id='90' class='node and pass' status='pass'><b>And</b>
						<span class="bdd-step-name">And User click on REGISTER Button</span>
							<div class='pre'>passed</div>
					</li>
					<li test-id='91' class='node then fail' status='fail'><b>Then</b>
						<span class="bdd-step-name">Then User should verify the error message "First name is required."</span>
						<ul class='screenshots right'>
							<li><a data-featherlight="image" href="C:\Homework\nopcommerceweek14/src/main/java/com/nopcommerce/screenshots/verify_That_First_Name_Last_Name_Email_Password_And_Confirm_Password_Fields_Are_Mandatory20230214012141.png"><i class='material-icons'>panorama</i></a></li>
						</ul>
							<div class='pre'><textarea>org.junit.ComparisonFailure: expected:<[First name is required.]> but was:<[*]>
	at org.junit.Assert.assertEquals(Assert.java:115)
	at org.junit.Assert.assertEquals(Assert.java:144)
	at com.nopcommerce.demo.steps.RegisterSteps.userShouldVerifyTheErrorMessage(RegisterSteps.java:45)
	at ✽.Then User should verify the error message "First name is required."(register.feature:18)
</textarea></div>
					</li>
				</ul>
		</li>
		<li test-id='92' class='node scenario fail' status='fail'>
			
			<b>Scenario</b>
			
			<span class="bdd-step-name">verify That First Name Last Name Email Password And Confirm Password Fields Are Mandatory</span>
			
				<ul class='steps'>
					<li test-id='93' class='node given pass' status='pass'><b>Given</b>
						<span class="bdd-step-name">Given User on homepage</span>
							<div class='pre'>passed</div>
					</li>
					<li test-id='94' class='node when pass' status='pass'><b>When</b>
						<span class="bdd-step-name">When User Click on Register link</span>
							<div class='pre'>passed</div>
					</li>
					<li test-id='95' class='node and pass' status='pass'><b>And</b>
						<span class="bdd-step-name">And User enter first name "cat"</span>
							<div class='pre'>passed</div>
					</li>
					<li test-id='96' class='node and pass' status='pass'><b>And</b>
						<span class="bdd-step-name">And User enter last name ""</span>
							<div class='pre'>passed</div>
					</li>
					<li test-id='97' class='node and pass' status='pass'><b>And</b>
						<span class="bdd-step-name">And User enter email "catdhanani@gmail.com"</span>
							<div class='pre'>passed</div>
					</li>
					<li test-id='98' class='node and pass' status='pass'><b>And</b>
						<span class="bdd-step-name">And User enter password "123456"</span>
							<div class='pre'>passed</div>
					</li>
					<li test-id='99' class='node and pass' status='pass'><b>And</b>
						<span class="bdd-step-name">And User enter Confirm password "123456"</span>
							<div class='pre'>passed</div>
					</li>
					<li test-id='100' class='node and pass' status='pass'><b>And</b>
						<span class="bdd-step-name">And User click on REGISTER Button</span>
							<div class='pre'>passed</div>
					</li>
					<li test-id='101' class='node then fail' status='fail'><b>Then</b>
						<span class="bdd-step-name">Then User should verify the error message "Last name is required."</span>
						<ul class='screenshots right'>
							<li><a data-featherlight="image" href="C:\Homework\nopcommerceweek14/src/main/java/com/nopcommerce/screenshots/verify_That_First_Name_Last_Name_Email_Password_And_Confirm_Password_Fields_Are_Mandatory20230214012149.png"><i class='material-icons'>panorama</i></a></li>
						</ul>
							<div class='pre'><textarea>org.junit.ComparisonFailure: expected:<[Last name is required.]> but was:<[*]>
	at org.junit.Assert.assertEquals(Assert.java:115)
	at org.junit.Assert.assertEquals(Assert.java:144)
	at com.nopcommerce.demo.steps.RegisterSteps.userShouldVerifyTheErrorMessage(RegisterSteps.java:45)
	at ✽.Then User should verify the error message "Last name is required."(register.feature:18)
</textarea></div>
					</li>
				</ul>
		</li>
		<li test-id='102' class='node scenario fail' status='fail'>
			
			<b>Scenario</b>
			
			<span class="bdd-step-name">verify That First Name Last Name Email Password And Confirm Password Fields Are Mandatory</span>
			
				<ul class='steps'>
					<li test-id='103' class='node given pass' status='pass'><b>Given</b>
						<span class="bdd-step-name">Given User on homepage</span>
							<div class='pre'>passed</div>
					</li>
					<li test-id='104' class='node when pass' status='pass'><b>When</b>
						<span class="bdd-step-name">When User Click on Register link</span>
							<div class='pre'>passed</div>
					</li>
					<li test-id='105' class='node and pass' status='pass'><b>And</b>
						<span class="bdd-step-name">And User enter first name "cat"</span>
							<div class='pre'>passed</div>
					</li>
					<li test-id='106' class='node and pass' status='pass'><b>And</b>
						<span class="bdd-step-name">And User enter last name "dhanani"</span>
							<div class='pre'>passed</div>
					</li>
					<li test-id='107' class='node and pass' status='pass'><b>And</b>
						<span class="bdd-step-name">And User enter email ""</span>
							<div class='pre'>passed</div>
					</li>
					<li test-id='108' class='node and pass' status='pass'><b>And</b>
						<span class="bdd-step-name">And User enter password "123456"</span>
							<div class='pre'>passed</div>
					</li>
					<li test-id='109' class='node and pass' status='pass'><b>And</b>
						<span class="bdd-step-name">And User enter Confirm password "123456"</span>
							<div class='pre'>passed</div>
					</li>
					<li test-id='110' class='node and pass' status='pass'><b>And</b>
						<span class="bdd-step-name">And User click on REGISTER Button</span>
							<div class='pre'>passed</div>
					</li>
					<li test-id='111' class='node then fail' status='fail'><b>Then</b>
						<span class="bdd-step-name">Then User should verify the error message "Email is required."</span>
						<ul class='screenshots right'>
							<li><a data-featherlight="image" href="C:\Homework\nopcommerceweek14/src/main/java/com/nopcommerce/screenshots/verify_That_First_Name_Last_Name_Email_Password_And_Confirm_Password_Fields_Are_Mandatory20230214012158.png"><i class='material-icons'>panorama</i></a></li>
						</ul>
							<div class='pre'><textarea>org.junit.ComparisonFailure: expected:<[Email is required.]> but was:<[*]>
	at org.junit.Assert.assertEquals(Assert.java:115)
	at org.junit.Assert.assertEquals(Assert.java:144)
	at com.nopcommerce.demo.steps.RegisterSteps.userShouldVerifyTheErrorMessage(RegisterSteps.java:45)
	at ✽.Then User should verify the error message "Email is required."(register.feature:18)
</textarea></div>
					</li>
				</ul>
		</li>
		<li test-id='112' class='node scenario fail' status='fail'>
			
			<b>Scenario</b>
			
			<span class="bdd-step-name">verify That First Name Last Name Email Password And Confirm Password Fields Are Mandatory</span>
			
				<ul class='steps'>
					<li test-id='113' class='node given pass' status='pass'><b>Given</b>
						<span class="bdd-step-name">Given User on homepage</span>
							<div class='pre'>passed</div>
					</li>
					<li test-id='114' class='node when pass' status='pass'><b>When</b>
						<span class="bdd-step-name">When User Click on Register link</span>
							<div class='pre'>passed</div>
					</li>
					<li test-id='115' class='node and pass' status='pass'><b>And</b>
						<span class="bdd-step-name">And User enter first name "cat"</span>
							<div class='pre'>passed</div>
					</li>
					<li test-id='116' class='node and pass' status='pass'><b>And</b>
						<span class="bdd-step-name">And User enter last name "dhanani"</span>
							<div class='pre'>passed</div>
					</li>
					<li test-id='117' class='node and pass' status='pass'><b>And</b>
						<span class="bdd-step-name">And User enter email "catdhanani@gmail.com"</span>
							<div class='pre'>passed</div>
					</li>
					<li test-id='118' class='node and pass' status='pass'><b>And</b>
						<span class="bdd-step-name">And User enter password ""</span>
							<div class='pre'>passed</div>
					</li>
					<li test-id='119' class='node and pass' status='pass'><b>And</b>
						<span class="bdd-step-name">And User enter Confirm password "123456"</span>
							<div class='pre'>passed</div>
					</li>
					<li test-id='120' class='node and pass' status='pass'><b>And</b>
						<span class="bdd-step-name">And User click on REGISTER Button</span>
							<div class='pre'>passed</div>
					</li>
					<li test-id='121' class='node then fail' status='fail'><b>Then</b>
						<span class="bdd-step-name">Then User should verify the error message "Password is required."</span>
						<ul class='screenshots right'>
							<li><a data-featherlight="image" href="C:\Homework\nopcommerceweek14/src/main/java/com/nopcommerce/screenshots/verify_That_First_Name_Last_Name_Email_Password_And_Confirm_Password_Fields_Are_Mandatory20230214012205.png"><i class='material-icons'>panorama</i></a></li>
						</ul>
							<div class='pre'><textarea>org.junit.ComparisonFailure: expected:<[Password is required.]> but was:<[*]>
	at org.junit.Assert.assertEquals(Assert.java:115)
	at org.junit.Assert.assertEquals(Assert.java:144)
	at com.nopcommerce.demo.steps.RegisterSteps.userShouldVerifyTheErrorMessage(RegisterSteps.java:45)
	at ✽.Then User should verify the error message "Password is required."(register.feature:18)
</textarea></div>
					</li>
				</ul>
		</li>
		<li test-id='122' class='node scenario fail' status='fail'>
			
			<b>Scenario</b>
			
			<span class="bdd-step-name">verify That First Name Last Name Email Password And Confirm Password Fields Are Mandatory</span>
			
				<ul class='steps'>
					<li test-id='123' class='node given pass' status='pass'><b>Given</b>
						<span class="bdd-step-name">Given User on homepage</span>
							<div class='pre'>passed</div>
					</li>
					<li test-id='124' class='node when pass' status='pass'><b>When</b>
						<span class="bdd-step-name">When User Click on Register link</span>
							<div class='pre'>passed</div>
					</li>
					<li test-id='125' class='node and pass' status='pass'><b>And</b>
						<span class="bdd-step-name">And User enter first name "cat"</span>
							<div class='pre'>passed</div>
					</li>
					<li test-id='126' class='node and pass' status='pass'><b>And</b>
						<span class="bdd-step-name">And User enter last name "dhanani"</span>
							<div class='pre'>passed</div>
					</li>
					<li test-id='127' class='node and pass' status='pass'><b>And</b>
						<span class="bdd-step-name">And User enter email "catdhanani@gmail.com"</span>
							<div class='pre'>passed</div>
					</li>
					<li test-id='128' class='node and pass' status='pass'><b>And</b>
						<span class="bdd-step-name">And User enter password "123456"</span>
							<div class='pre'>passed</div>
					</li>
					<li test-id='129' class='node and pass' status='pass'><b>And</b>
						<span class="bdd-step-name">And User enter Confirm password ""</span>
							<div class='pre'>passed</div>
					</li>
					<li test-id='130' class='node and pass' status='pass'><b>And</b>
						<span class="bdd-step-name">And User click on REGISTER Button</span>
							<div class='pre'>passed</div>
					</li>
					<li test-id='131' class='node then fail' status='fail'><b>Then</b>
						<span class="bdd-step-name">Then User should verify the error message "Password is required."</span>
						<ul class='screenshots right'>
							<li><a data-featherlight="image" href="C:\Homework\nopcommerceweek14/src/main/java/com/nopcommerce/screenshots/verify_That_First_Name_Last_Name_Email_Password_And_Confirm_Password_Fields_Are_Mandatory20230214012212.png"><i class='material-icons'>panorama</i></a></li>
						</ul>
							<div class='pre'><textarea>org.junit.ComparisonFailure: expected:<[Password is required.]> but was:<[*]>
	at org.junit.Assert.assertEquals(Assert.java:115)
	at org.junit.Assert.assertEquals(Assert.java:144)
	at com.nopcommerce.demo.steps.RegisterSteps.userShouldVerifyTheErrorMessage(RegisterSteps.java:45)
	at ✽.Then User should verify the error message "Password is required."(register.feature:18)
</textarea></div>
					</li>
				</ul>
		</li>
	</ul>
</div>
<div class='scenario node' test-id='132' status='fail'>
	<span class='duration right label'>0h 0m 9s+228ms</span>
	<div class='desc'>
		<b>Scenario</b>
		<span class="desc-text">verify That User Should Create Account Successfully</span>
	</div>
	<ul class='steps'>
		<li test-id='133' class='node given pass' status='pass'>
			
			<b>Given</b>
			
			<span class="bdd-step-name">Given User on homepage</span>
				<div class='pre'>passed</div>
			
		</li>
		<li test-id='134' class='node when pass' status='pass'>
			
			<b>When</b>
			
			<span class="bdd-step-name">When User Click on Register link</span>
				<div class='pre'>passed</div>
			
		</li>
		<li test-id='135' class='node and pass' status='pass'>
			
			<b>And</b>
			
			<span class="bdd-step-name">And User select gender Female</span>
				<div class='pre'>passed</div>
			
		</li>
		<li test-id='136' class='node and pass' status='pass'>
			
			<b>And</b>
			
			<span class="bdd-step-name">And User enter first name "rupa"</span>
				<div class='pre'>passed</div>
			
		</li>
		<li test-id='137' class='node and pass' status='pass'>
			
			<b>And</b>
			
			<span class="bdd-step-name">And User enter last name "dhanani"</span>
				<div class='pre'>passed</div>
			
		</li>
		<li test-id='138' class='node and pass' status='pass'>
			
			<b>And</b>
			
			<span class="bdd-step-name">And User select Day "8"</span>
				<div class='pre'>passed</div>
			
		</li>
		<li test-id='139' class='node and pass' status='pass'>
			
			<b>And</b>
			
			<span class="bdd-step-name">And User select Month "april"</span>
				<div class='pre'>passed</div>
			
		</li>
		<li test-id='140' class='node and pass' status='pass'>
			
			<b>And</b>
			
			<span class="bdd-step-name">And User select Year  "1986"</span>
				<div class='pre'>passed</div>
			
		</li>
		<li test-id='141' class='node and pass' status='pass'>
			
			<b>And</b>
			
			<span class="bdd-step-name">And User enter email "rupapatel@gmail.com"</span>
				<div class='pre'>passed</div>
			
		</li>
		<li test-id='142' class='node and pass' status='pass'>
			
			<b>And</b>
			
			<span class="bdd-step-name">And User enter password "24567898"</span>
				<div class='pre'>passed</div>
			
		</li>
		<li test-id='143' class='node and pass' status='pass'>
			
			<b>And</b>
			
			<span class="bdd-step-name">And User enter Confirm password "24567898"</span>
				<div class='pre'>passed</div>
			
		</li>
		<li test-id='144' class='node and pass' status='pass'>
			
			<b>And</b>
			
			<span class="bdd-step-name">And User click on REGISTER Button</span>
				<div class='pre'>passed</div>
			
		</li>
		<li test-id='145' class='node then fail' status='fail'>
			
			<b>Then</b>
			
			<span class="bdd-step-name">Then User should verify Your registration completed</span>
			<ul class='screenshots right'>
				<li><a data-featherlight="image" href="C:\Homework\nopcommerceweek14/src/main/java/com/nopcommerce/screenshots/verify_That_User_Should_Create_Account_Successfully20230214012221.png"><i class='material-icons'>panorama</i></a></li>
			</ul>
				<div class='pre'><pre>cucumber.runtime.CucumberException: Arity mismatch: Step Definition 'com.nopcommerce.demo.steps.RegisterSteps.userShouldVerifyYourRegistrationCompleted(String) in file:/C:/Homework/nopcommerceweek14/target/test-classes/' with pattern [^User should verify Your registration completed$] is declared with 1 parameters. However, the gherkin step has 0 arguments []. 
Step: Then User should verify Your registration completed
	at cucumber.runtime.StepDefinitionMatch.arityMismatch(StepDefinitionMatch.java:102)
	at cucumber.runtime.StepDefinitionMatch.transformedArgs(StepDefinitionMatch.java:60)
	at cucumber.runtime.StepDefinitionMatch.runStep(StepDefinitionMatch.java:37)
	at cucumber.runtime.Runtime.runStep(Runtime.java:300)
	at cucumber.runtime.model.StepContainer.runStep(StepContainer.java:44)
	at cucumber.runtime.model.StepContainer.runSteps(StepContainer.java:39)
	at cucumber.runtime.model.CucumberScenario.run(CucumberScenario.java:44)
	at cucumber.runtime.junit.ExecutionUnitRunner.run(ExecutionUnitRunner.java:102)
	at cucumber.runtime.junit.FeatureRunner.runChild(FeatureRunner.java:63)
	at cucumber.runtime.junit.FeatureRunner.runChild(FeatureRunner.java:18)
	at org.junit.runners.ParentRunner$3.run(ParentRunner.java:238)
	at org.junit.runners.ParentRunner$1.schedule(ParentRunner.java:63)
	at org.junit.runners.ParentRunner.runChildren(ParentRunner.java:236)
	at org.junit.runners.ParentRunner.access$000(ParentRunner.java:53)
	at org.junit.runners.ParentRunner$2.evaluate(ParentRunner.java:229)
	at org.junit.runners.ParentRunner.run(ParentRunner.java:309)
	at cucumber.runtime.junit.FeatureRunner.run(FeatureRunner.java:70)
	at cucumber.api.junit.Cucumber.runChild(Cucumber.java:95)
	at cucumber.api.junit.Cucumber.runChild(Cucumber.java:38)
	at org.junit.runners.ParentRunner$3.run(ParentRunner.java:238)
	at org.junit.runners.ParentRunner$1.schedule(ParentRunner.java:63)
	at org.junit.runners.ParentRunner.runChildren(ParentRunner.java:236)
	at org.junit.runners.ParentRunner.access$000(ParentRunner.java:53)
	at org.junit.runners.ParentRunner$2.evaluate(ParentRunner.java:229)
	at org.junit.internal.runners.statements.RunAfters.evaluate(RunAfters.java:27)
	at org.junit.runners.ParentRunner.run(ParentRunner.java:309)
	at cucumber.api.junit.Cucumber.run(Cucumber.java:100)
	at org.junit.runner.JUnitCore.run(JUnitCore.java:160)
	at com.intellij.junit4.JUnit4IdeaTestRunner.startRunnerWithArgs(JUnit4IdeaTestRunner.java:69)
	at com.intellij.rt.junit.IdeaTestRunner$Repeater$1.execute(IdeaTestRunner.java:38)
	at com.intellij.rt.execution.junit.TestsRepeater.repeat(TestsRepeater.java:11)
	at com.intellij.rt.junit.IdeaTestRunner$Repeater.startRunnerWithArgs(IdeaTestRunner.java:35)
	at com.intellij.rt.junit.JUnitStarter.prepareStreamsAndStart(JUnitStarter.java:235)
	at com.intellij.rt.junit.JUnitStarter.main(JUnitStarter.java:54)
</pre></div>
			
		</li>
	</ul>
</div>
					</div>
				</li>
			</ul>
		</div>
	</div>
	<!-- subview left -->

	<div class='subview-right left'>
		<div class='view-summary'>
			<h5 class='test-name'></h5>

			<div id='step-filters' class="right">
				<span class="blue-text" status="info" alt="info" title="info"><i class="material-icons">info_outline</i></span>
				<span class="green-text" status="pass" alt="pass" title="pass"><i class="material-icons">check_circle</i></span>
				<span class="red-text" status="fail" alt="fail" title="fail"><i class="material-icons">cancel</i></span>
				<span class="red-text text-darken-4" status="fatal" alt="fatal" title="fatal"><i class="material-icons">cancel</i></span>
				<span class="pink-text text-lighten-1" status="error" alt="error" title="error"><i class="material-icons">error</i></span>
				<span class="orange-text" alt="warning" status="warning" title="warning"><i class="material-icons">warning</i></span>
				<span class="teal-text" status="skip" alt="skip" title="skip"><i class="material-icons">redo</i></span>
				<span status="clear" alt="Clear filters" title="Clear filters"><i class="material-icons">clear</i></span>
			</div>
		</div>
	</div>
	<!-- subview right -->

</div>
<!-- test view -->
<div id='category-view' class='view hide'>

	<section id='controls'>
		<div class='controls grey lighten-4'>
			<!-- search -->
			<div class='chip transparent' alt='Search Tests' title='Search Tests'>
				<a href="#" class='search-div'>
					<i class='material-icons'>search</i> Search
				</a>
				
				<div class='input-field left hide'>
					<input id='search-tests' type='text' class='validate browser-default' placeholder='Search Tests...'>
				</div>
				
			</div>
			<!-- search -->
		</div>
	</section>

	<div class='subview-left left'>
		
		<div class='view-summary'>
			<h5>Categories</h3>
			<ul id='category-collection' class='category-collection'>
				
				<li class='category displayed active'>
					<div class='category-heading'>
						<span class='category-name'>@Register</span>
						<span class='category-status right'>
							<span class='label pass'>1</span>
						</span>
					</div>
					<div class='category-content hide'>
						<div class='category-status-counts'>
							<span class='label green accent-4 white-text'>Passed: 1</span>
							
							
						</div>
					
						<div class='category-tests'>
							<table class='bordered table-results'>
								<thead>
									<tr>
										<th>Timestamp</th>
										<th>TestName</th>
										<th>Status</th>
									</tr>
								</thead>
								<tbody>
									<tr>
										<td>Feb 14, 2023 01:21:28 AM</td>
										<td class='linked' test-id='77'>Register.Verify user Should Navigate to Register Page Successfully</td>
										<td><span class='test-status pass'>pass</span></td>
									</tr>
								</tbody>
							</table>
						</div>
					</div>
				</li>

			</ul>
		</div>
	</div>

	<div class='subview-right left'>
		<div class='view-summary'>
			<h5 class='category-name'></h5>
		</div>
	</div>
</div>
<!-- category view -->
<div id='exception-view' class='view hide'>

    <section id='controls'>
        <div class='controls grey lighten-4'>
            <!-- search -->
            <div class='chip transparent' alt='Search Tests' title='Search Tests'>
                <a href="#" class='search-div'>
                    <i class='material-icons'>search</i> Search
                </a>

                <div class='input-field left hide'>
                    <input id='search-tests' type='text' class='validate browser-default' placeholder='Search Tests...'>
                </div>

            </div>
            <!-- search -->
        </div>
    </section>

    <div class='subview-left left'>

        <div class='view-summary'>
            <h5>Exceptions</h3>
                <ul id='exception-collection' class='exception-collection'>

                        <li class='exception displayed active'>
                            <div class='exception-heading'>
                                <span class='exception-name'>cucumber.runtime.CucumberException</span>
                                <span class='exception-count right'><span class='label red lighten-1 white-text'>3</span></span>
                            </div>
                            <div class='exception-content hide'>
                                <div class='exception-tests'>
                                    <table class='bordered table-results'>
                                        <thead>
                                        <tr>
                                            <th>Timestamp</th>
                                            <th>TestName</th>
                                            <th>Status</th>
                                        </tr>
                                        </thead>
                                        <tbody>
                                                    <tr>
                                                        <td>Feb 14, 2023 01:21:19 AM</td>
                                                        <td class='linked' test-id='67'>Login Test.Verify the error message with Invalid Credentials.Then User should verify the error message display</td>
                                                        <td><pre><pre>cucumber.runtime.CucumberException: Arity mismatch: Step Definition 'com.nopcommerce.demo.steps.LoginSteps.userShouldVerifyTheErrorMessageDisplay(String) in file:/C:/Homework/nopcommerceweek14/target/test-classes/' with pattern [^User should verify the error message display$] is declared with 1 parameters. However, the gherkin step has 0 arguments []. 
Step: Then User should verify the error message display
	at cucumber.runtime.StepDefinitionMatch.arityMismatch(StepDefinitionMatch.java:102)
	at cucumber.runtime.StepDefinitionMatch.transformedArgs(StepDefinitionMatch.java:60)
	at cucumber.runtime.StepDefinitionMatch.runStep(StepDefinitionMatch.java:37)
	at cucumber.runtime.Runtime.runStep(Runtime.java:300)
	at cucumber.runtime.model.StepContainer.runStep(StepContainer.java:44)
	at cucumber.runtime.model.StepContainer.runSteps(StepContainer.java:39)
	at cucumber.runtime.model.CucumberScenario.run(CucumberScenario.java:44)
	at cucumber.runtime.junit.ExecutionUnitRunner.run(ExecutionUnitRunner.java:102)
	at cucumber.runtime.junit.FeatureRunner.runChild(FeatureRunner.java:63)
	at cucumber.runtime.junit.FeatureRunner.runChild(FeatureRunner.java:18)
	at org.junit.runners.ParentRunner$3.run(ParentRunner.java:238)
	at org.junit.runners.ParentRunner$1.schedule(ParentRunner.java:63)
	at org.junit.runners.ParentRunner.runChildren(ParentRunner.java:236)
	at org.junit.runners.ParentRunner.access$000(ParentRunner.java:53)
	at org.junit.runners.ParentRunner$2.evaluate(ParentRunner.java:229)
	at org.junit.runners.ParentRunner.run(ParentRunner.java:309)
	at cucumber.runtime.junit.FeatureRunner.run(FeatureRunner.java:70)
	at cucumber.api.junit.Cucumber.runChild(Cucumber.java:95)
	at cucumber.api.junit.Cucumber.runChild(Cucumber.java:38)
	at org.junit.runners.ParentRunner$3.run(ParentRunner.java:238)
	at org.junit.runners.ParentRunner$1.schedule(ParentRunner.java:63)
	at org.junit.runners.ParentRunner.runChildren(ParentRunner.java:236)
	at org.junit.runners.ParentRunner.access$000(ParentRunner.java:53)
	at org.junit.runners.ParentRunner$2.evaluate(ParentRunner.java:229)
	at org.junit.internal.runners.statements.RunAfters.evaluate(RunAfters.java:27)
	at org.junit.runners.ParentRunner.run(ParentRunner.java:309)
	at cucumber.api.junit.Cucumber.run(Cucumber.java:100)
	at org.junit.runner.JUnitCore.run(JUnitCore.java:160)
	at com.intellij.junit4.JUnit4IdeaTestRunner.startRunnerWithArgs(JUnit4IdeaTestRunner.java:69)
	at com.intellij.rt.junit.IdeaTestRunner$Repeater$1.execute(IdeaTestRunner.java:38)
	at com.intellij.rt.execution.junit.TestsRepeater.repeat(TestsRepeater.java:11)
	at com.intellij.rt.junit.IdeaTestRunner$Repeater.startRunnerWithArgs(IdeaTestRunner.java:35)
	at com.intellij.rt.junit.JUnitStarter.prepareStreamsAndStart(JUnitStarter.java:235)
	at com.intellij.rt.junit.JUnitStarter.main(JUnitStarter.java:54)
</pre></pre></td>
                                                    </tr>
                                                    <tr>
                                                        <td>Feb 14, 2023 01:21:26 AM</td>
                                                        <td class='linked' test-id='75'>Login Test.Verify that user should logout Successfully.Then User should verify  login link display</td>
                                                        <td><pre><pre>cucumber.runtime.CucumberException: Arity mismatch: Step Definition 'com.nopcommerce.demo.steps.LoginSteps.userShouldVerifyLoginLinkDisplay(String) in file:/C:/Homework/nopcommerceweek14/target/test-classes/' with pattern [^User should verify  login link display$] is declared with 1 parameters. However, the gherkin step has 0 arguments []. 
Step: Then User should verify  login link display
	at cucumber.runtime.StepDefinitionMatch.arityMismatch(StepDefinitionMatch.java:102)
	at cucumber.runtime.StepDefinitionMatch.transformedArgs(StepDefinitionMatch.java:60)
	at cucumber.runtime.StepDefinitionMatch.runStep(StepDefinitionMatch.java:37)
	at cucumber.runtime.Runtime.runStep(Runtime.java:300)
	at cucumber.runtime.model.StepContainer.runStep(StepContainer.java:44)
	at cucumber.runtime.model.StepContainer.runSteps(StepContainer.java:39)
	at cucumber.runtime.model.CucumberScenario.run(CucumberScenario.java:44)
	at cucumber.runtime.junit.ExecutionUnitRunner.run(ExecutionUnitRunner.java:102)
	at cucumber.runtime.junit.FeatureRunner.runChild(FeatureRunner.java:63)
	at cucumber.runtime.junit.FeatureRunner.runChild(FeatureRunner.java:18)
	at org.junit.runners.ParentRunner$3.run(ParentRunner.java:238)
	at org.junit.runners.ParentRunner$1.schedule(ParentRunner.java:63)
	at org.junit.runners.ParentRunner.runChildren(ParentRunner.java:236)
	at org.junit.runners.ParentRunner.access$000(ParentRunner.java:53)
	at org.junit.runners.ParentRunner$2.evaluate(ParentRunner.java:229)
	at org.junit.runners.ParentRunner.run(ParentRunner.java:309)
	at cucumber.runtime.junit.FeatureRunner.run(FeatureRunner.java:70)
	at cucumber.api.junit.Cucumber.runChild(Cucumber.java:95)
	at cucumber.api.junit.Cucumber.runChild(Cucumber.java:38)
	at org.junit.runners.ParentRunner$3.run(ParentRunner.java:238)
	at org.junit.runners.ParentRunner$1.schedule(ParentRunner.java:63)
	at org.junit.runners.ParentRunner.runChildren(ParentRunner.java:236)
	at org.junit.runners.ParentRunner.access$000(ParentRunner.java:53)
	at org.junit.runners.ParentRunner$2.evaluate(ParentRunner.java:229)
	at org.junit.internal.runners.statements.RunAfters.evaluate(RunAfters.java:27)
	at org.junit.runners.ParentRunner.run(ParentRunner.java:309)
	at cucumber.api.junit.Cucumber.run(Cucumber.java:100)
	at org.junit.runner.JUnitCore.run(JUnitCore.java:160)
	at com.intellij.junit4.JUnit4IdeaTestRunner.startRunnerWithArgs(JUnit4IdeaTestRunner.java:69)
	at com.intellij.rt.junit.IdeaTestRunner$Repeater$1.execute(IdeaTestRunner.java:38)
	at com.intellij.rt.execution.junit.TestsRepeater.repeat(TestsRepeater.java:11)
	at com.intellij.rt.junit.IdeaTestRunner$Repeater.startRunnerWithArgs(IdeaTestRunner.java:35)
	at com.intellij.rt.junit.JUnitStarter.prepareStreamsAndStart(JUnitStarter.java:235)
	at com.intellij.rt.junit.JUnitStarter.main(JUnitStarter.java:54)
</pre></pre></td>
                                                    </tr>
                                                    <tr>
                                                        <td>Feb 14, 2023 01:22:21 AM</td>
                                                        <td class='linked' test-id='145'>Register.verify That User Should Create Account Successfully.Then User should verify Your registration completed</td>
                                                        <td><pre><pre>cucumber.runtime.CucumberException: Arity mismatch: Step Definition 'com.nopcommerce.demo.steps.RegisterSteps.userShouldVerifyYourRegistrationCompleted(String) in file:/C:/Homework/nopcommerceweek14/target/test-classes/' with pattern [^User should verify Your registration completed$] is declared with 1 parameters. However, the gherkin step has 0 arguments []. 
Step: Then User should verify Your registration completed
	at cucumber.runtime.StepDefinitionMatch.arityMismatch(StepDefinitionMatch.java:102)
	at cucumber.runtime.StepDefinitionMatch.transformedArgs(StepDefinitionMatch.java:60)
	at cucumber.runtime.StepDefinitionMatch.runStep(StepDefinitionMatch.java:37)
	at cucumber.runtime.Runtime.runStep(Runtime.java:300)
	at cucumber.runtime.model.StepContainer.runStep(StepContainer.java:44)
	at cucumber.runtime.model.StepContainer.runSteps(StepContainer.java:39)
	at cucumber.runtime.model.CucumberScenario.run(CucumberScenario.java:44)
	at cucumber.runtime.junit.ExecutionUnitRunner.run(ExecutionUnitRunner.java:102)
	at cucumber.runtime.junit.FeatureRunner.runChild(FeatureRunner.java:63)
	at cucumber.runtime.junit.FeatureRunner.runChild(FeatureRunner.java:18)
	at org.junit.runners.ParentRunner$3.run(ParentRunner.java:238)
	at org.junit.runners.ParentRunner$1.schedule(ParentRunner.java:63)
	at org.junit.runners.ParentRunner.runChildren(ParentRunner.java:236)
	at org.junit.runners.ParentRunner.access$000(ParentRunner.java:53)
	at org.junit.runners.ParentRunner$2.evaluate(ParentRunner.java:229)
	at org.junit.runners.ParentRunner.run(ParentRunner.java:309)
	at cucumber.runtime.junit.FeatureRunner.run(FeatureRunner.java:70)
	at cucumber.api.junit.Cucumber.runChild(Cucumber.java:95)
	at cucumber.api.junit.Cucumber.runChild(Cucumber.java:38)
	at org.junit.runners.ParentRunner$3.run(ParentRunner.java:238)
	at org.junit.runners.ParentRunner$1.schedule(ParentRunner.java:63)
	at org.junit.runners.ParentRunner.runChildren(ParentRunner.java:236)
	at org.junit.runners.ParentRunner.access$000(ParentRunner.java:53)
	at org.junit.runners.ParentRunner$2.evaluate(ParentRunner.java:229)
	at org.junit.internal.runners.statements.RunAfters.evaluate(RunAfters.java:27)
	at org.junit.runners.ParentRunner.run(ParentRunner.java:309)
	at cucumber.api.junit.Cucumber.run(Cucumber.java:100)
	at org.junit.runner.JUnitCore.run(JUnitCore.java:160)
	at com.intellij.junit4.JUnit4IdeaTestRunner.startRunnerWithArgs(JUnit4IdeaTestRunner.java:69)
	at com.intellij.rt.junit.IdeaTestRunner$Repeater$1.execute(IdeaTestRunner.java:38)
	at com.intellij.rt.execution.junit.TestsRepeater.repeat(TestsRepeater.java:11)
	at com.intellij.rt.junit.IdeaTestRunner$Repeater.startRunnerWithArgs(IdeaTestRunner.java:35)
	at com.intellij.rt.junit.JUnitStarter.prepareStreamsAndStart(JUnitStarter.java:235)
	at com.intellij.rt.junit.JUnitStarter.main(JUnitStarter.java:54)
</pre></pre></td>
                                                    </tr>
                                        </tbody>
                                    </table>
                                </div>
                            </div>
                        </li>
                        <li class='exception displayed active'>
                            <div class='exception-heading'>
                                <span class='exception-name'>org.junit.ComparisonFailure</span>
                                <span class='exception-count right'><span class='label red lighten-1 white-text'>5</span></span>
                            </div>
                            <div class='exception-content hide'>
                                <div class='exception-tests'>
                                    <table class='bordered table-results'>
                                        <thead>
                                        <tr>
                                            <th>Timestamp</th>
                                            <th>TestName</th>
                                            <th>Status</th>
                                        </tr>
                                        </thead>
                                        <tbody>
                                                    <tr>
                                                        <td>Feb 14, 2023 01:21:41 AM</td>
                                                        <td class='linked' test-id='91'>Register.verify That First Name Last Name Email Password And Confirm Password Fields Are Mandatory.verify That First Name Last Name Email Password And Confirm Password Fields Are Mandatory.Then User should verify the error message "First name is required."</td>
                                                        <td><pre><textarea>org.junit.ComparisonFailure: expected:<[First name is required.]> but was:<[*]>
	at org.junit.Assert.assertEquals(Assert.java:115)
	at org.junit.Assert.assertEquals(Assert.java:144)
	at com.nopcommerce.demo.steps.RegisterSteps.userShouldVerifyTheErrorMessage(RegisterSteps.java:45)
	at ✽.Then User should verify the error message "First name is required."(register.feature:18)
</textarea></pre></td>
                                                    </tr>
                                                    <tr>
                                                        <td>Feb 14, 2023 01:21:49 AM</td>
                                                        <td class='linked' test-id='101'>Register.verify That First Name Last Name Email Password And Confirm Password Fields Are Mandatory.verify That First Name Last Name Email Password And Confirm Password Fields Are Mandatory.Then User should verify the error message "Last name is required."</td>
                                                        <td><pre><textarea>org.junit.ComparisonFailure: expected:<[Last name is required.]> but was:<[*]>
	at org.junit.Assert.assertEquals(Assert.java:115)
	at org.junit.Assert.assertEquals(Assert.java:144)
	at com.nopcommerce.demo.steps.RegisterSteps.userShouldVerifyTheErrorMessage(RegisterSteps.java:45)
	at ✽.Then User should verify the error message "Last name is required."(register.feature:18)
</textarea></pre></td>
                                                    </tr>
                                                    <tr>
                                                        <td>Feb 14, 2023 01:21:58 AM</td>
                                                        <td class='linked' test-id='111'>Register.verify That First Name Last Name Email Password And Confirm Password Fields Are Mandatory.verify That First Name Last Name Email Password And Confirm Password Fields Are Mandatory.Then User should verify the error message "Email is required."</td>
                                                        <td><pre><textarea>org.junit.ComparisonFailure: expected:<[Email is required.]> but was:<[*]>
	at org.junit.Assert.assertEquals(Assert.java:115)
	at org.junit.Assert.assertEquals(Assert.java:144)
	at com.nopcommerce.demo.steps.RegisterSteps.userShouldVerifyTheErrorMessage(RegisterSteps.java:45)
	at ✽.Then User should verify the error message "Email is required."(register.feature:18)
</textarea></pre></td>
                                                    </tr>
                                                    <tr>
                                                        <td>Feb 14, 2023 01:22:05 AM</td>
                                                        <td class='linked' test-id='121'>Register.verify That First Name Last Name Email Password And Confirm Password Fields Are Mandatory.verify That First Name Last Name Email Password And Confirm Password Fields Are Mandatory.Then User should verify the error message "Password is required."</td>
                                                        <td><pre><textarea>org.junit.ComparisonFailure: expected:<[Password is required.]> but was:<[*]>
	at org.junit.Assert.assertEquals(Assert.java:115)
	at org.junit.Assert.assertEquals(Assert.java:144)
	at com.nopcommerce.demo.steps.RegisterSteps.userShouldVerifyTheErrorMessage(RegisterSteps.java:45)
	at ✽.Then User should verify the error message "Password is required."(register.feature:18)
</textarea></pre></td>
                                                    </tr>
                                                    <tr>
                                                        <td>Feb 14, 2023 01:22:11 AM</td>
                                                        <td class='linked' test-id='131'>Register.verify That First Name Last Name Email Password And Confirm Password Fields Are Mandatory.verify That First Name Last Name Email Password And Confirm Password Fields Are Mandatory.Then User should verify the error message "Password is required."</td>
                                                        <td><pre><textarea>org.junit.ComparisonFailure: expected:<[Password is required.]> but was:<[*]>
	at org.junit.Assert.assertEquals(Assert.java:115)
	at org.junit.Assert.assertEquals(Assert.java:144)
	at com.nopcommerce.demo.steps.RegisterSteps.userShouldVerifyTheErrorMessage(RegisterSteps.java:45)
	at ✽.Then User should verify the error message "Password is required."(register.feature:18)
</textarea></pre></td>
                                                    </tr>
                                        </tbody>
                                    </table>
                                </div>
                            </div>
                        </li>
                </ul>
        </div>
    </div>

    <div class='subview-right left'>
        <div class='view-summary'>
            <h5 class='exception-name'></h5>
        </div>
    </div>
</div>
<!-- exception view -->
<div id='dashboard-view' class='view hide'>
	<div class='card-panel transparent np-v'>
		<h5>Dashboard</h5>

		<div class='row'>
			<div class='col s2'>
				<div class='card-panel r'>
					Features
					<div class='panel-lead'>3</div>
				</div>
			</div>
			<div class='col s2'>
				<div class='card-panel r'>
					Scenarios
					<div class='panel-lead'>16</div>
				</div>
			</div>
			<div class='col s2'>
				<div class='card-panel r'>
					Steps
					<div class='panel-lead'>124</div>
				</div>
			</div>
			<div class='col s2'>
				<div class='card-panel r'>
					Start
					<div class='panel-lead'>Feb 14, 2023 01:18:14 AM</div>
				</div>
			</div>
			<div class='col s2'>
				<div class='card-panel r'>
			 		End
			 		<div class='panel-lead'>Feb 14, 2023 01:22:22 AM</div>
				</div>
			</div>
			<div class='col s2'>
				<div class='card-panel r'>
					Time Taken
					<div class='panel-lead'>248,390ms</div>
				</div>
			</div>
			<div class='col s4'>
				<div class='card-panel dashboard-environment'>
					<span class='right label cyan white-text'>Environment</span><p>&nbsp;</p>
					
					<table>
						<tr>
							<th>Name</th>
							<th>Value</th>
						</tr>
							<tr>
								<td>User Name</td>
								<td>parvi</td>
							</tr>
							<tr>
								<td>Time Zone</td>
								<td>Europe/London</td>
							</tr>
							<tr>
								<td>Machine</td>
								<td>Windows 1064 Bit</td>
							</tr>
							<tr>
								<td>Selenium</td>
								<td>4.7</td>
							</tr>
							<tr>
								<td>Maven</td>
								<td>3.9</td>
							</tr>
							<tr>
								<td>Java Version</td>
								<td>1.8.0_151</td>
							</tr>
					</table>
				</div>
			</div>
			<div class='col s6'>
				<div class='card-panel dashboard-categories'>
					<span class='right label cyan white-text'>Categories</span><p>&nbsp;</p>
					
					<table>
						<tr>
							<th>Name</th>
							<th>Passed</th>
							<th>Failed</th>
							<th>Others</th>
							<th>Passed %</th>
						</tr>
						<tr>
							<td>@Register</td>
							<td>1</td>
							<td>0</td>
							<td>0</td>
							<td>
									100%
							</td>
						</tr>
					</table>
				</div>
			</div>
		</div>
	</div>
</div>
<!-- dashboard view -->
<!-- testrunner-logs view -->
		</div>
		<!-- container -->

		<script>
			var statusGroup = {
				passParent: 1,
				failParent: 2,
				fatalParent: 0,
				errorParent: 0,
				warningParent: 0,
				skipParent: 0,
				exceptionsParent: 2,
				
				passChild: 8,
				failChild: 8,
				fatalChild: 0,
				errorChild: 0,
				warningChild: 0,
				skipChild: 0,
				infoChild: 0,
				exceptionsChild: 8,
				
				passGrandChild: 116,
				failGrandChild: 8,
				fatalGrandChild: 0,
				errorGrandChild: 0,
				warningGrandChild: 0,
				skipGrandChild: 0,
				infoGrandChild: 0,
				exceptionsGrandChild: 8,
			};
		</script>
		
			<script src='https://cdn.rawgit.com/anshooarora/extentreports-java/fca20fb7653aade98810546ab96a2a4360e3e712/dist/js/extent.js' type='text/javascript'></script>
		
		
 		<script type='text/javascript'>
 			
            
        $(document).ready(function() {

        });
      
        
 		</script>
	</body>
	
</html>
